0 info it worked if it ends with ok
1 verbose cli [ '/home/abaccega/.nvm/versions/node/v4.4.7/bin/node',
1 verbose cli   '/usr/bin/npm',
1 verbose cli   'run',
1 verbose cli   'test' ]
2 info using npm@3.10.3
3 info using node@v4.4.7
4 verbose run-script [ 'pretest', 'test', 'posttest' ]
5 info lifecycle nodes2ts@1.0.0~pretest: nodes2ts@1.0.0
6 silly lifecycle nodes2ts@1.0.0~pretest: no script for pretest, continuing
7 info lifecycle nodes2ts@1.0.0~test: nodes2ts@1.0.0
8 verbose lifecycle nodes2ts@1.0.0~test: unsafe-perm in lifecycle true
9 verbose lifecycle nodes2ts@1.0.0~test: PATH: /usr/lib/node_modules/npm/bin/node-gyp-bin:/home/abaccega/git/personale/nodes2ts/node_modules/.bin:/home/abaccega/.nvm/versions/node/v4.4.7/bin:/home/abaccega/.nvm/versions/node/v4.4.7/bin:/usr/local/sbin:/usr/local/bin:/usr/sbin:/usr/bin:/sbin:/bin:/usr/games:/usr/local/games:/snap/bin:/snap/bin
10 verbose lifecycle nodes2ts@1.0.0~test: CWD: /home/abaccega/git/personale/nodes2ts
11 silly lifecycle nodes2ts@1.0.0~test: Args: [ '-c', 'NODE_ENV=test mocha' ]
12 silly lifecycle nodes2ts@1.0.0~test: Returned: code: 1  signal: null
13 info lifecycle nodes2ts@1.0.0~test: Failed to exec test script
14 verbose stack Error: nodes2ts@1.0.0 test: `NODE_ENV=test mocha`
14 verbose stack Exit status 1
14 verbose stack     at EventEmitter.<anonymous> (/usr/lib/node_modules/npm/lib/utils/lifecycle.js:242:16)
14 verbose stack     at emitTwo (events.js:87:13)
14 verbose stack     at EventEmitter.emit (events.js:172:7)
14 verbose stack     at ChildProcess.<anonymous> (/usr/lib/node_modules/npm/lib/utils/spawn.js:40:14)
14 verbose stack     at emitTwo (events.js:87:13)
14 verbose stack     at ChildProcess.emit (events.js:172:7)
14 verbose stack     at maybeClose (internal/child_process.js:827:16)
14 verbose stack     at Process.ChildProcess._handle.onexit (internal/child_process.js:211:5)
15 verbose pkgid nodes2ts@1.0.0
16 verbose cwd /home/abaccega/git/personale/nodes2ts
17 error Linux 4.4.0-31-generic
18 error argv "/home/abaccega/.nvm/versions/node/v4.4.7/bin/node" "/usr/bin/npm" "run" "test"
19 error node v4.4.7
20 error npm  v3.10.3
21 error code ELIFECYCLE
22 error nodes2ts@1.0.0 test: `NODE_ENV=test mocha`
22 error Exit status 1
23 error Failed at the nodes2ts@1.0.0 test script 'NODE_ENV=test mocha'.
23 error Make sure you have the latest version of node.js and npm installed.
23 error If you do, this is most likely a problem with the nodes2ts package,
23 error not with npm itself.
23 error Tell the author that this fails on your system:
23 error     NODE_ENV=test mocha
23 error You can get information on how to open an issue for this project with:
23 error     npm bugs nodes2ts
23 error Or if that isn't available, you can get their info via:
23 error     npm owner ls nodes2ts
23 error There is likely additional logging output above.
24 verbose exit [ 1, true ]
